c:\users\yingchengjun\desktop\c++\qtgui\examsystem\examsystem\x64\debug\moc_logindialog.obj
c:\users\yingchengjun\desktop\c++\qtgui\examsystem\examsystem\x64\debug\addchoice.obj
c:\users\yingchengjun\desktop\c++\qtgui\examsystem\examsystem\x64\debug\main.obj
c:\users\yingchengjun\desktop\c++\qtgui\examsystem\examsystem\x64\debug\moc_mainwindow.obj
c:\users\yingchengjun\desktop\c++\qtgui\examsystem\examsystem\x64\debug\sqlmodel.obj
c:\users\yingchengjun\desktop\c++\qtgui\examsystem\examsystem\x64\debug\moc_addchoice.obj
c:\users\yingchengjun\desktop\c++\qtgui\examsystem\examsystem\x64\debug\qrc_mainwindow.obj
c:\users\yingchengjun\desktop\c++\qtgui\examsystem\examsystem\x64\debug\addmultichoice.obj
c:\users\yingchengjun\desktop\c++\qtgui\examsystem\examsystem\x64\debug\moc_addjudge.obj
c:\users\yingchengjun\desktop\c++\qtgui\examsystem\examsystem\x64\debug\logindialog.obj
c:\users\yingchengjun\desktop\c++\qtgui\examsystem\examsystem\x64\debug\mainwindow.obj
c:\users\yingchengjun\desktop\c++\qtgui\examsystem\examsystem\x64\debug\addjudge.obj
c:\users\yingchengjun\desktop\c++\qtgui\examsystem\examsystem\x64\debug\moc_questionbank.obj
c:\users\yingchengjun\desktop\c++\qtgui\examsystem\examsystem\x64\debug\questionbank.obj
c:\users\yingchengjun\desktop\c++\qtgui\examsystem\examsystem\x64\debug\question.obj
c:\users\yingchengjun\desktop\c++\qtgui\examsystem\examsystem\x64\debug\moc_addmultichoice.obj
c:\users\yingchengjun\desktop\c++\qtgui\examsystem\examsystem\x64\debug\vc141.pdb
c:\users\yingchengjun\desktop\c++\qtgui\examsystem\examsystem\generatedfiles\debug\moc_mainwindow.cpp
c:\users\yingchengjun\desktop\c++\qtgui\examsystem\examsystem\generatedfiles\debug\moc_logindialog.cpp
c:\users\yingchengjun\desktop\c++\qtgui\examsystem\examsystem\generatedfiles\debug\moc_addchoice.cpp
c:\users\yingchengjun\desktop\c++\qtgui\examsystem\examsystem\generatedfiles\debug\moc_addmultichoice.cpp
c:\users\yingchengjun\desktop\c++\qtgui\examsystem\examsystem\generatedfiles\debug\moc_addjudge.cpp
c:\users\yingchengjun\desktop\c++\qtgui\examsystem\examsystem\generatedfiles\debug\moc_questionbank.cpp
c:\users\yingchengjun\desktop\c++\qtgui\examsystem\examsystem\generatedfiles\qrc_mainwindow.cpp
c:\users\yingchengjun\desktop\c++\qtgui\examsystem\examsystem\generatedfiles\ui_addchoice.h
c:\users\yingchengjun\desktop\c++\qtgui\examsystem\examsystem\generatedfiles\ui_addjudge.h
c:\users\yingchengjun\desktop\c++\qtgui\examsystem\examsystem\generatedfiles\ui_addmultichoice.h
c:\users\yingchengjun\desktop\c++\qtgui\examsystem\examsystem\generatedfiles\ui_logindialog.h
c:\users\yingchengjun\desktop\c++\qtgui\examsystem\examsystem\generatedfiles\ui_mainwindow.h
c:\users\yingchengjun\desktop\c++\qtgui\examsystem\examsystem\generatedfiles\ui_questionbank.h
c:\users\yingchengjun\desktop\c++\qtgui\examsystem\x64\debug\examsystem.ilk
c:\users\yingchengjun\desktop\c++\qtgui\examsystem\x64\debug\examsystem.exe
c:\users\yingchengjun\desktop\c++\qtgui\examsystem\x64\debug\examsystem.pdb
c:\users\yingchengjun\desktop\c++\qtgui\examsystem\examsystem\.\generatedfiles\debug\moc_mainwindow.cpp
c:\users\yingchengjun\desktop\c++\qtgui\examsystem\examsystem\.\generatedfiles\debug\moc_logindialog.cpp
c:\users\yingchengjun\desktop\c++\qtgui\examsystem\examsystem\.\generatedfiles\debug\moc_addchoice.cpp
c:\users\yingchengjun\desktop\c++\qtgui\examsystem\examsystem\.\generatedfiles\debug\moc_addmultichoice.cpp
c:\users\yingchengjun\desktop\c++\qtgui\examsystem\examsystem\.\generatedfiles\debug\moc_addjudge.cpp
c:\users\yingchengjun\desktop\c++\qtgui\examsystem\examsystem\.\generatedfiles\debug\moc_questionbank.cpp
c:\users\yingchengjun\desktop\c++\qtgui\examsystem\examsystem\.\generatedfiles\qrc_mainwindow.cpp
c:\users\yingchengjun\desktop\c++\qtgui\examsystem\examsystem\.\generatedfiles\ui_addchoice.h
c:\users\yingchengjun\desktop\c++\qtgui\examsystem\examsystem\.\generatedfiles\ui_addjudge.h
c:\users\yingchengjun\desktop\c++\qtgui\examsystem\examsystem\.\generatedfiles\ui_addmultichoice.h
c:\users\yingchengjun\desktop\c++\qtgui\examsystem\examsystem\.\generatedfiles\ui_logindialog.h
c:\users\yingchengjun\desktop\c++\qtgui\examsystem\examsystem\.\generatedfiles\ui_mainwindow.h
c:\users\yingchengjun\desktop\c++\qtgui\examsystem\examsystem\.\generatedfiles\ui_questionbank.h
c:\users\yingchengjun\desktop\c++\qtgui\examsystem\examsystem\x64\debug\examsystem.tlog\cl.10160.write.1.tlog
c:\users\yingchengjun\desktop\c++\qtgui\examsystem\examsystem\x64\debug\examsystem.tlog\cl.command.1.tlog
c:\users\yingchengjun\desktop\c++\qtgui\examsystem\examsystem\x64\debug\examsystem.tlog\cl.read.1.tlog
c:\users\yingchengjun\desktop\c++\qtgui\examsystem\examsystem\x64\debug\examsystem.tlog\examsystem.write.1u.tlog
c:\users\yingchengjun\desktop\c++\qtgui\examsystem\examsystem\x64\debug\examsystem.tlog\link.command.1.tlog
c:\users\yingchengjun\desktop\c++\qtgui\examsystem\examsystem\x64\debug\examsystem.tlog\link.read.1.tlog
c:\users\yingchengjun\desktop\c++\qtgui\examsystem\examsystem\x64\debug\examsystem.tlog\link.write.1.tlog
c:\users\yingchengjun\desktop\c++\qtgui\examsystem\examsystem\x64\debug\examsystem.tlog\qtmoc.read.1u.tlog
c:\users\yingchengjun\desktop\c++\qtgui\examsystem\examsystem\x64\debug\examsystem.tlog\qtmoc.write.1u.tlog
c:\users\yingchengjun\desktop\c++\qtgui\examsystem\examsystem\x64\debug\examsystem.tlog\qtrcc.read.1u.tlog
c:\users\yingchengjun\desktop\c++\qtgui\examsystem\examsystem\x64\debug\examsystem.tlog\qtrcc.write.1u.tlog
c:\users\yingchengjun\desktop\c++\qtgui\examsystem\examsystem\x64\debug\examsystem.tlog\qtuic.read.1u.tlog
c:\users\yingchengjun\desktop\c++\qtgui\examsystem\examsystem\x64\debug\examsystem.tlog\qtuic.write.1u.tlog
